c:\users\naster\desktop\실험\파일처리 프로젝트1\20120531_fp_실습1_한진욱\project2\x64\debug\vc141.pdb
c:\users\naster\desktop\실험\파일처리 프로젝트1\20120531_fp_실습1_한진욱\project2\x64\debug\vc141.idb
c:\users\naster\desktop\실험\파일처리 프로젝트1\20120531_fp_실습1_한진욱\project2\x64\debug\varlen.obj
c:\users\naster\desktop\실험\파일처리 프로젝트1\20120531_fp_실습1_한진욱\project2\x64\debug\student.obj
c:\users\naster\desktop\실험\파일처리 프로젝트1\20120531_fp_실습1_한진욱\project2\x64\debug\main.obj
c:\users\naster\desktop\실험\파일처리 프로젝트1\20120531_fp_실습1_한진욱\project2\x64\debug\iobuffer.obj
c:\users\naster\desktop\실험\파일처리 프로젝트1\20120531_fp_실습1_한진욱\project2\x64\debug\delim.obj
c:\users\naster\desktop\실험\파일처리 프로젝트1\20120531_fp_실습1_한진욱\project2\x64\debug\buffile.obj
c:\users\naster\desktop\실험\파일처리 프로젝트1\20120531_fp_실습1_한진욱\project2\x64\debug\purchase.obj
c:\users\naster\desktop\실험\파일처리 프로젝트1\20120531_fp_실습1_한진욱\project2\x64\debug\member.obj
c:\users\naster\desktop\실험\파일처리 프로젝트1\20120531_fp_실습1_한진욱\project2\x64\debug\lecture.obj
c:\users\naster\desktop\실험\파일처리 프로젝트1\20120531_fp_실습1_한진욱\x64\debug\showmember.exe
c:\users\naster\desktop\실험\파일처리 프로젝트1\20120531_fp_실습1_한진욱\x64\debug\showmember.ilk
c:\users\naster\desktop\실험\파일처리 프로젝트1\20120531_fp_실습1_한진욱\x64\debug\showmember.pdb
c:\users\naster\desktop\실험\파일처리 프로젝트1\20120531_fp_실습1_한진욱\project2\x64\debug\showmember.tlog\cl.command.1.tlog
c:\users\naster\desktop\실험\파일처리 프로젝트1\20120531_fp_실습1_한진욱\project2\x64\debug\showmember.tlog\cl.read.1.tlog
c:\users\naster\desktop\실험\파일처리 프로젝트1\20120531_fp_실습1_한진욱\project2\x64\debug\showmember.tlog\cl.write.1.tlog
c:\users\naster\desktop\실험\파일처리 프로젝트1\20120531_fp_실습1_한진욱\project2\x64\debug\showmember.tlog\link.command.1.tlog
c:\users\naster\desktop\실험\파일처리 프로젝트1\20120531_fp_실습1_한진욱\project2\x64\debug\showmember.tlog\link.read.1.tlog
c:\users\naster\desktop\실험\파일처리 프로젝트1\20120531_fp_실습1_한진욱\project2\x64\debug\showmember.tlog\link.write.1.tlog
